[     379ms] [ERROR] ./src/server/db.ts:2:1
Module not found: Can't resolve '@prisma/adapter-pg'
  1 | import { PrismaClient } from '@prisma/client'
> 2 | import { PrismaPg } from '@prisma/adapter-pg'
    | ^^^^^^^^^^^^^^^^^^^^^^^^^^^^^^^^^^^^^^^^^^^^^
  3 |
  4 | // Strip pgbouncer=true — it's a Prisma hint, not understood by the raw pg driver
  5 | const rawUrl = process.env.DATABASE_URL ?? ''

Import trace:
  App Route:
    ./src/server/db.ts
    ./src/server/auth.ts
    ./src/app/api/auth/[...nextauth]/route.ts

https://nextjs.org/docs/messages/module-not-found @ http://localhost:3000/_next/static/chunks/43ed9_next_dist_c14397c6._.js:3127
[     380ms] [ERROR] ./src/server/db.ts:2:1
Module not found: Can't resolve '@prisma/adapter-pg'
  1 | import { PrismaClient } from '@prisma/client'
> 2 | import { PrismaPg } from '@prisma/adapter-pg'
    | ^^^^^^^^^^^^^^^^^^^^^^^^^^^^^^^^^^^^^^^^^^^^^
  3 |
  4 | // Strip pgbouncer=true — it's a Prisma hint, not understood by the raw pg driver
  5 | const rawUrl = process.env.DATABASE_URL ?? ''

Import trace:
  App Route:
    ./src/server/db.ts
    ./src/server/trpc/context.ts
    ./src/app/api/trpc/[trpc]/route.ts

https://nextjs.org/docs/messages/module-not-found @ http://localhost:3000/_next/static/chunks/43ed9_next_dist_c14397c6._.js:3127
[     457ms] [ERROR] ./src/server/db.ts:2:1
Module not found: Can't resolve '@prisma/adapter-pg'
  1 | import { PrismaClient } from '@prisma/client'
> 2 | import { PrismaPg } from '@prisma/adapter-pg'
    | ^^^^^^^^^^^^^^^^^^^^^^^^^^^^^^^^^^^^^^^^^^^^^
  3 |
  4 | // Strip pgbouncer=true — it's a Prisma hint, not understood by the raw pg driver
  5 | const rawUrl = process.env.DATABASE_URL ?? ''

Import trace:
  App Route:
    ./src/server/db.ts
    ./src/server/auth.ts
    ./src/app/api/auth/[...nextauth]/route.ts

https://nextjs.org/docs/messages/module-not-found @ http://localhost:3000/_next/static/chunks/43ed9_next_dist_c14397c6._.js:3127
[     870ms] [ERROR] ./src/server/db.ts:2:1
Module not found: Can't resolve '@prisma/adapter-pg'
  1 | import { PrismaClient } from '@prisma/client'
> 2 | import { PrismaPg } from '@prisma/adapter-pg'
    | ^^^^^^^^^^^^^^^^^^^^^^^^^^^^^^^^^^^^^^^^^^^^^
  3 |
  4 | // Strip pgbouncer=true — it's a Prisma hint, not understood by the raw pg driver
  5 | const rawUrl = process.env.DATABASE_URL ?? ''

Import trace:
  App Route:
    ./src/server/db.ts
    ./src/server/trpc/context.ts
    ./src/app/api/trpc/[trpc]/route.ts

https://nextjs.org/docs/messages/module-not-found @ http://localhost:3000/_next/static/chunks/43ed9_next_dist_c14397c6._.js:3127
[    1151ms] [ERROR] Failed to load resource: the server responded with a status of 500 (Internal Server Error) @ http://localhost:3000/api/auth/session:0
[    1203ms] [ERROR] ClientFetchError: Unexpected token '<', "<!DOCTYPE "... is not valid JSON. Read more at https://errors.authjs.dev#autherror
    at fetchData (http://localhost:3000/_next/static/chunks/node_modules__pnpm_39d16060._.js:10289:22)
    at async getSession (http://localhost:3000/_next/static/chunks/node_modules__pnpm_39d16060._.js:10456:21)
    at async SessionProvider.useEffect [as _getSession] (http://localhost:3000/_next/static/chunks/node_modules__pnpm_39d16060._.js:10599:51) @ http://localhost:3000/_next/static/chunks/43ed9_next_dist_c14397c6._.js:3127
[    1205ms] [ERROR] Failed to load resource: the server responded with a status of 500 (Internal Server Error) @ http://localhost:3000/api/trpc/leave.getBalance?batch=1&input=%7B%220%22%3A%7B%22json%22%3Anull%2C%22meta%22%3A%7B%22values%22%3A%5B%22undefined%22%5D%2C%22v%22%3A1%7D%7D%7D:0
[    1234ms] [ERROR] Failed to load resource: the server responded with a status of 500 (Internal Server Error) @ http://localhost:3000/api/auth/session:0
[    1235ms] [ERROR] ClientFetchError: Unexpected token '<', "<!DOCTYPE "... is not valid JSON. Read more at https://errors.authjs.dev#autherror
    at fetchData (http://localhost:3000/_next/static/chunks/node_modules__pnpm_39d16060._.js:10289:22)
    at async getSession (http://localhost:3000/_next/static/chunks/node_modules__pnpm_39d16060._.js:10456:21)
    at async SessionProvider.useEffect [as _getSession] (http://localhost:3000/_next/static/chunks/node_modules__pnpm_39d16060._.js:10599:51) @ http://localhost:3000/_next/static/chunks/43ed9_next_dist_c14397c6._.js:3127
[    2233ms] [ERROR] Failed to load resource: the server responded with a status of 500 (Internal Server Error) @ http://localhost:3000/api/trpc/leave.getBalance?batch=1&input=%7B%220%22%3A%7B%22json%22%3Anull%2C%22meta%22%3A%7B%22values%22%3A%5B%22undefined%22%5D%2C%22v%22%3A1%7D%7D%7D:0
[    4259ms] [ERROR] Failed to load resource: the server responded with a status of 500 (Internal Server Error) @ http://localhost:3000/api/trpc/leave.getBalance?batch=1&input=%7B%220%22%3A%7B%22json%22%3Anull%2C%22meta%22%3A%7B%22values%22%3A%5B%22undefined%22%5D%2C%22v%22%3A1%7D%7D%7D:0
[    8285ms] [ERROR] Failed to load resource: the server responded with a status of 500 (Internal Server Error) @ http://localhost:3000/api/trpc/leave.getBalance?batch=1&input=%7B%220%22%3A%7B%22json%22%3Anull%2C%22meta%22%3A%7B%22values%22%3A%5B%22undefined%22%5D%2C%22v%22%3A1%7D%7D%7D:0
[   17650ms] [ERROR] WebSocket connection to 'ws://localhost:3000/_next/webpack-hmr?id=Y1PLC9ynCM2INipPHFSQE' failed: Error in connection establishment: net::ERR_CONNECTION_REFUSED @ http://localhost:3000/_next/static/chunks/43ed9_next_dist_client_4bf91487._.js:10878
[   18652ms] [ERROR] WebSocket connection to 'ws://localhost:3000/_next/webpack-hmr?id=Y1PLC9ynCM2INipPHFSQE' failed: Error in connection establishment: net::ERR_CONNECTION_REFUSED @ http://localhost:3000/_next/static/chunks/43ed9_next_dist_client_4bf91487._.js:10878
[   21522ms] [ERROR] Failed to load resource: the server responded with a status of 500 (Internal Server Error) @ http://localhost:3000/api/auth/session:0
[   21522ms] [ERROR] Failed to load resource: the server responded with a status of 500 (Internal Server Error) @ http://localhost:3000/api/trpc/leave.getBalance?batch=1&input=%7B%220%22%3A%7B%22json%22%3Anull%2C%22meta%22%3A%7B%22values%22%3A%5B%22undefined%22%5D%2C%22v%22%3A1%7D%7D%7D:0
[   21522ms] [ERROR] ClientFetchError: Unexpected token '<', "<!DOCTYPE "... is not valid JSON. Read more at https://errors.authjs.dev#autherror
    at fetchData (http://localhost:3000/_next/static/chunks/node_modules__pnpm_39d16060._.js:10289:22)
    at async getSession (http://localhost:3000/_next/static/chunks/node_modules__pnpm_39d16060._.js:10456:21)
    at async SessionProvider.useEffect [as _getSession] (http://localhost:3000/_next/static/chunks/node_modules__pnpm_39d16060._.js:10599:51) @ http://localhost:3000/_next/static/chunks/43ed9_next_dist_c14397c6._.js:3127
[   21558ms] [ERROR] Failed to load resource: the server responded with a status of 500 (Internal Server Error) @ http://localhost:3000/api/auth/session:0
[   21560ms] [ERROR] ClientFetchError: Unexpected token '<', "<!DOCTYPE "... is not valid JSON. Read more at https://errors.authjs.dev#autherror
    at fetchData (http://localhost:3000/_next/static/chunks/node_modules__pnpm_39d16060._.js:10289:22)
    at async getSession (http://localhost:3000/_next/static/chunks/node_modules__pnpm_39d16060._.js:10456:21)
    at async SessionProvider.useEffect [as _getSession] (http://localhost:3000/_next/static/chunks/node_modules__pnpm_39d16060._.js:10599:51) @ http://localhost:3000/_next/static/chunks/43ed9_next_dist_c14397c6._.js:3127
[   22558ms] [ERROR] Failed to load resource: the server responded with a status of 500 (Internal Server Error) @ http://localhost:3000/api/trpc/leave.getBalance?batch=1&input=%7B%220%22%3A%7B%22json%22%3Anull%2C%22meta%22%3A%7B%22values%22%3A%5B%22undefined%22%5D%2C%22v%22%3A1%7D%7D%7D:0
[   24633ms] [ERROR] Failed to load resource: the server responded with a status of 500 (Internal Server Error) @ http://localhost:3000/api/trpc/leave.getBalance?batch=1&input=%7B%220%22%3A%7B%22json%22%3Anull%2C%22meta%22%3A%7B%22values%22%3A%5B%22undefined%22%5D%2C%22v%22%3A1%7D%7D%7D:0
[   28660ms] [ERROR] Failed to load resource: the server responded with a status of 500 (Internal Server Error) @ http://localhost:3000/api/trpc/leave.getBalance?batch=1&input=%7B%220%22%3A%7B%22json%22%3Anull%2C%22meta%22%3A%7B%22values%22%3A%5B%22undefined%22%5D%2C%22v%22%3A1%7D%7D%7D:0
