[     298ms] [ERROR] Failed to load resource: the server responded with a status of 500 (Internal Server Error) @ http://localhost:3000/api/auth/session:0
[     305ms] [ERROR] ClientFetchError: Unexpected token '<', "<!DOCTYPE "... is not valid JSON. Read more at https://errors.authjs.dev#autherror
    at fetchData (http://localhost:3000/_next/static/chunks/node_modules__pnpm_39d16060._.js:10289:22)
    at async getSession (http://localhost:3000/_next/static/chunks/node_modules__pnpm_39d16060._.js:10456:21)
    at async SessionProvider.useEffect [as _getSession] (http://localhost:3000/_next/static/chunks/node_modules__pnpm_39d16060._.js:10599:51) @ http://localhost:3000/_next/static/chunks/43ed9_next_dist_c14397c6._.js:3127
[     306ms] [ERROR] Failed to load resource: the server responded with a status of 500 (Internal Server Error) @ http://localhost:3000/api/trpc/leave.getBalance?batch=1&input=%7B%220%22%3A%7B%22json%22%3Anull%2C%22meta%22%3A%7B%22values%22%3A%5B%22undefined%22%5D%2C%22v%22%3A1%7D%7D%7D:0
[     363ms] [ERROR] Failed to load resource: the server responded with a status of 500 (Internal Server Error) @ http://localhost:3000/api/auth/session:0
[     365ms] [ERROR] ClientFetchError: Unexpected token '<', "<!DOCTYPE "... is not valid JSON. Read more at https://errors.authjs.dev#autherror
    at fetchData (http://localhost:3000/_next/static/chunks/node_modules__pnpm_39d16060._.js:10289:22)
    at async getSession (http://localhost:3000/_next/static/chunks/node_modules__pnpm_39d16060._.js:10456:21)
    at async SessionProvider.useEffect [as _getSession] (http://localhost:3000/_next/static/chunks/node_modules__pnpm_39d16060._.js:10599:51) @ http://localhost:3000/_next/static/chunks/43ed9_next_dist_c14397c6._.js:3127
[    1337ms] [ERROR] Failed to load resource: the server responded with a status of 500 (Internal Server Error) @ http://localhost:3000/api/trpc/leave.getBalance?batch=1&input=%7B%220%22%3A%7B%22json%22%3Anull%2C%22meta%22%3A%7B%22values%22%3A%5B%22undefined%22%5D%2C%22v%22%3A1%7D%7D%7D:0
[    3373ms] [ERROR] Failed to load resource: the server responded with a status of 500 (Internal Server Error) @ http://localhost:3000/api/trpc/leave.getBalance?batch=1&input=%7B%220%22%3A%7B%22json%22%3Anull%2C%22meta%22%3A%7B%22values%22%3A%5B%22undefined%22%5D%2C%22v%22%3A1%7D%7D%7D:0
[    7417ms] [ERROR] Failed to load resource: the server responded with a status of 500 (Internal Server Error) @ http://localhost:3000/api/trpc/leave.getBalance?batch=1&input=%7B%220%22%3A%7B%22json%22%3Anull%2C%22meta%22%3A%7B%22values%22%3A%5B%22undefined%22%5D%2C%22v%22%3A1%7D%7D%7D:0
[   68847ms] [ERROR] WebSocket connection to 'ws://localhost:3000/_next/webpack-hmr?id=qEiMmBzSsbgWJSqZqFtG8' failed: Error in connection establishment: net::ERR_CONNECTION_REFUSED @ http://localhost:3000/_next/static/chunks/43ed9_next_dist_client_4bf91487._.js:10878
[   69850ms] [ERROR] WebSocket connection to 'ws://localhost:3000/_next/webpack-hmr?id=qEiMmBzSsbgWJSqZqFtG8' failed: Error in connection establishment: net::ERR_CONNECTION_REFUSED @ http://localhost:3000/_next/static/chunks/43ed9_next_dist_client_4bf91487._.js:10878
[   70853ms] [ERROR] WebSocket connection to 'ws://localhost:3000/_next/webpack-hmr?id=qEiMmBzSsbgWJSqZqFtG8' failed: Error in connection establishment: net::ERR_CONNECTION_REFUSED @ http://localhost:3000/_next/static/chunks/43ed9_next_dist_client_4bf91487._.js:10878
[   71856ms] [ERROR] WebSocket connection to 'ws://localhost:3000/_next/webpack-hmr?id=qEiMmBzSsbgWJSqZqFtG8' failed: Error in connection establishment: net::ERR_CONNECTION_REFUSED @ http://localhost:3000/_next/static/chunks/43ed9_next_dist_client_4bf91487._.js:10878
[   72858ms] [ERROR] WebSocket connection to 'ws://localhost:3000/_next/webpack-hmr?id=qEiMmBzSsbgWJSqZqFtG8' failed: Error in connection establishment: net::ERR_CONNECTION_REFUSED @ http://localhost:3000/_next/static/chunks/43ed9_next_dist_client_4bf91487._.js:10878
[   78521ms] [ERROR] Failed to load resource: the server responded with a status of 401 (Unauthorized) @ http://localhost:3000/api/trpc/leave.getBalance?batch=1&input=%7B%220%22%3A%7B%22json%22%3Anull%2C%22meta%22%3A%7B%22values%22%3A%5B%22undefined%22%5D%2C%22v%22%3A1%7D%7D%7D:0
[   79583ms] [ERROR] Failed to load resource: the server responded with a status of 401 (Unauthorized) @ http://localhost:3000/api/trpc/leave.getBalance?batch=1&input=%7B%220%22%3A%7B%22json%22%3Anull%2C%22meta%22%3A%7B%22values%22%3A%5B%22undefined%22%5D%2C%22v%22%3A1%7D%7D%7D:0
[   81640ms] [ERROR] Failed to load resource: the server responded with a status of 401 (Unauthorized) @ http://localhost:3000/api/trpc/leave.getBalance?batch=1&input=%7B%220%22%3A%7B%22json%22%3Anull%2C%22meta%22%3A%7B%22values%22%3A%5B%22undefined%22%5D%2C%22v%22%3A1%7D%7D%7D:0
[   85701ms] [ERROR] Failed to load resource: the server responded with a status of 401 (Unauthorized) @ http://localhost:3000/api/trpc/leave.getBalance?batch=1&input=%7B%220%22%3A%7B%22json%22%3Anull%2C%22meta%22%3A%7B%22values%22%3A%5B%22undefined%22%5D%2C%22v%22%3A1%7D%7D%7D:0
